<?xml version="1.0" encoding="utf-8"?>
<TestRun id="4c7ae7d5-847d-4992-a372-fc7d1a4e76f7" name="@Mac 2025-07-24 16:58:25" xmlns="http://microsoft.com/schemas/VisualStudio/TeamTest/2010">
  <Times creation="2025-07-24T16:58:25.1241450-04:00" queuing="2025-07-24T16:58:25.1241450-04:00" start="2025-07-24T16:58:24.7087360-04:00" finish="2025-07-24T16:58:25.1274090-04:00" />
  <TestSettings name="default" id="688082e3-dfd1-4883-8823-108445f3be6a">
    <Deployment runDeploymentRoot="_Mac_2025-07-24_16_58_25" />
  </TestSettings>
  <Results>
    <UnitTestResult executionId="d6c16eae-f891-4c3c-a112-948350af67ee" testId="d719b738-4eac-bde7-35a7-e1d9b98eaa11" testName="Nexo.Feature.Pipeline.Tests.PipelinePipelineTests.Pipeline_Interfaces_WorkCorrectly" computerName="Mac" duration="00:00:00.0003283" startTime="2025-07-24T16:58:25.0702660-04:00" endTime="2025-07-24T16:58:25.0702660-04:00" testType="13cdc9d9-ddb5-4fa4-a97d-d965ccfc6d4b" outcome="Passed" testListId="8c84fa94-04c1-424b-9868-57a2d4851a1d" relativeResultsDirectory="d6c16eae-f891-4c3c-a112-948350af67ee" />
    <UnitTestResult executionId="3545f7c8-bfb5-4c0c-ba8f-fca977386ac6" testId="172d2457-20cf-c221-b5a0-ab3fadfcc0d1" testName="Nexo.Feature.Pipeline.Tests.PipelinePipelineTests.Pipeline_Enums_WorkCorrectly" computerName="Mac" duration="00:00:00.0059877" startTime="2025-07-24T16:58:25.0679910-04:00" endTime="2025-07-24T16:58:25.0680030-04:00" testType="13cdc9d9-ddb5-4fa4-a97d-d965ccfc6d4b" outcome="Passed" testListId="8c84fa94-04c1-424b-9868-57a2d4851a1d" relativeResultsDirectory="3545f7c8-bfb5-4c0c-ba8f-fca977386ac6" />
    <UnitTestResult executionId="ebbf839b-c704-40da-a46a-2ebb4fa60d21" testId="573c7196-e54b-debf-d59b-ba2710cdc9d6" testName="Nexo.Feature.Pipeline.Tests.PipelinePipelineTests.AggregatorExecutionStrategy_EnumValues_AreDefined" computerName="Mac" duration="00:00:00.0001630" startTime="2025-07-24T16:58:25.0708560-04:00" endTime="2025-07-24T16:58:25.0708560-04:00" testType="13cdc9d9-ddb5-4fa4-a97d-d965ccfc6d4b" outcome="Passed" testListId="8c84fa94-04c1-424b-9868-57a2d4851a1d" relativeResultsDirectory="ebbf839b-c704-40da-a46a-2ebb4fa60d21" />
    <UnitTestResult executionId="fb72aee5-c243-4d4f-a7fe-8b0cee17554e" testId="276355d8-4723-1ec5-ee3c-a0ea796ed73e" testName="Nexo.Feature.Pipeline.Tests.PipelinePipelineTests.CommandCategory_EnumValues_AreDefined" computerName="Mac" duration="00:00:00.0003060" startTime="2025-07-24T16:58:25.0709430-04:00" endTime="2025-07-24T16:58:25.0709430-04:00" testType="13cdc9d9-ddb5-4fa4-a97d-d965ccfc6d4b" outcome="Passed" testListId="8c84fa94-04c1-424b-9868-57a2d4851a1d" relativeResultsDirectory="fb72aee5-c243-4d4f-a7fe-8b0cee17554e" />
  </Results>
  <TestDefinitions>
    <UnitTest name="Nexo.Feature.Pipeline.Tests.PipelinePipelineTests.Pipeline_Enums_WorkCorrectly" storage="/users/ianfrelinger/riderprojects/nexo/tests/nexo.feature.pipeline.tests/bin/debug/net8.0/nexo.feature.pipeline.tests.dll" id="172d2457-20cf-c221-b5a0-ab3fadfcc0d1">
      <Execution id="3545f7c8-bfb5-4c0c-ba8f-fca977386ac6" />
      <TestMethod codeBase="/Users/ianfrelinger/RiderProjects/Nexo/tests/Nexo.Feature.Pipeline.Tests/bin/Debug/net8.0/Nexo.Feature.Pipeline.Tests.dll" adapterTypeName="executor://xunit/VsTestRunner2/netcoreapp" className="Nexo.Feature.Pipeline.Tests.PipelinePipelineTests" name="Pipeline_Enums_WorkCorrectly" />
    </UnitTest>
    <UnitTest name="Nexo.Feature.Pipeline.Tests.PipelinePipelineTests.Pipeline_Interfaces_WorkCorrectly" storage="/users/ianfrelinger/riderprojects/nexo/tests/nexo.feature.pipeline.tests/bin/debug/net8.0/nexo.feature.pipeline.tests.dll" id="d719b738-4eac-bde7-35a7-e1d9b98eaa11">
      <Execution id="d6c16eae-f891-4c3c-a112-948350af67ee" />
      <TestMethod codeBase="/Users/ianfrelinger/RiderProjects/Nexo/tests/Nexo.Feature.Pipeline.Tests/bin/Debug/net8.0/Nexo.Feature.Pipeline.Tests.dll" adapterTypeName="executor://xunit/VsTestRunner2/netcoreapp" className="Nexo.Feature.Pipeline.Tests.PipelinePipelineTests" name="Pipeline_Interfaces_WorkCorrectly" />
    </UnitTest>
    <UnitTest name="Nexo.Feature.Pipeline.Tests.PipelinePipelineTests.CommandCategory_EnumValues_AreDefined" storage="/users/ianfrelinger/riderprojects/nexo/tests/nexo.feature.pipeline.tests/bin/debug/net8.0/nexo.feature.pipeline.tests.dll" id="276355d8-4723-1ec5-ee3c-a0ea796ed73e">
      <Execution id="fb72aee5-c243-4d4f-a7fe-8b0cee17554e" />
      <TestMethod codeBase="/Users/ianfrelinger/RiderProjects/Nexo/tests/Nexo.Feature.Pipeline.Tests/bin/Debug/net8.0/Nexo.Feature.Pipeline.Tests.dll" adapterTypeName="executor://xunit/VsTestRunner2/netcoreapp" className="Nexo.Feature.Pipeline.Tests.PipelinePipelineTests" name="CommandCategory_EnumValues_AreDefined" />
    </UnitTest>
    <UnitTest name="Nexo.Feature.Pipeline.Tests.PipelinePipelineTests.AggregatorExecutionStrategy_EnumValues_AreDefined" storage="/users/ianfrelinger/riderprojects/nexo/tests/nexo.feature.pipeline.tests/bin/debug/net8.0/nexo.feature.pipeline.tests.dll" id="573c7196-e54b-debf-d59b-ba2710cdc9d6">
      <Execution id="ebbf839b-c704-40da-a46a-2ebb4fa60d21" />
      <TestMethod codeBase="/Users/ianfrelinger/RiderProjects/Nexo/tests/Nexo.Feature.Pipeline.Tests/bin/Debug/net8.0/Nexo.Feature.Pipeline.Tests.dll" adapterTypeName="executor://xunit/VsTestRunner2/netcoreapp" className="Nexo.Feature.Pipeline.Tests.PipelinePipelineTests" name="AggregatorExecutionStrategy_EnumValues_AreDefined" />
    </UnitTest>
  </TestDefinitions>
  <TestEntries>
    <TestEntry testId="d719b738-4eac-bde7-35a7-e1d9b98eaa11" executionId="d6c16eae-f891-4c3c-a112-948350af67ee" testListId="8c84fa94-04c1-424b-9868-57a2d4851a1d" />
    <TestEntry testId="172d2457-20cf-c221-b5a0-ab3fadfcc0d1" executionId="3545f7c8-bfb5-4c0c-ba8f-fca977386ac6" testListId="8c84fa94-04c1-424b-9868-57a2d4851a1d" />
    <TestEntry testId="573c7196-e54b-debf-d59b-ba2710cdc9d6" executionId="ebbf839b-c704-40da-a46a-2ebb4fa60d21" testListId="8c84fa94-04c1-424b-9868-57a2d4851a1d" />
    <TestEntry testId="276355d8-4723-1ec5-ee3c-a0ea796ed73e" executionId="fb72aee5-c243-4d4f-a7fe-8b0cee17554e" testListId="8c84fa94-04c1-424b-9868-57a2d4851a1d" />
  </TestEntries>
  <TestLists>
    <TestList name="Results Not in a List" id="8c84fa94-04c1-424b-9868-57a2d4851a1d" />
    <TestList name="All Loaded Results" id="19431567-8539-422a-85d7-44ee4e166bda" />
  </TestLists>
  <ResultSummary outcome="Completed">
    <Counters total="4" executed="4" passed="4" failed="0" error="0" timeout="0" aborted="0" inconclusive="0" passedButRunAborted="0" notRunnable="0" notExecuted="0" disconnected="0" warning="0" completed="0" inProgress="0" pending="0" />
    <Output>
      <StdOut>[xUnit.net 00:00:00.00] xUnit.net VSTest Adapter v2.5.6+bf9b858c26 (64-bit .NET 8.0.7)
[xUnit.net 00:00:00.04]   Discovering: Nexo.Feature.Pipeline.Tests
[xUnit.net 00:00:00.06]   Discovered:  Nexo.Feature.Pipeline.Tests
[xUnit.net 00:00:00.06]   Starting:    Nexo.Feature.Pipeline.Tests
[xUnit.net 00:00:00.09]   Finished:    Nexo.Feature.Pipeline.Tests
</StdOut>
    </Output>
  </ResultSummary>
</TestRun>