<?xml version="1.0" encoding="utf-8"?>
<TestRun id="3181a0c2-ae5a-4d9b-8fbf-6d06f91dd37c" name="@Mac 2025-07-24 16:58:24" xmlns="http://microsoft.com/schemas/VisualStudio/TeamTest/2010">
  <Times creation="2025-07-24T16:58:24.9455870-04:00" queuing="2025-07-24T16:58:24.9455870-04:00" start="2025-07-24T16:58:24.6364270-04:00" finish="2025-07-24T16:58:24.9458470-04:00" />
  <TestSettings name="default" id="1dd97da7-8b21-409b-84c6-e31a4869f3c0">
    <Deployment runDeploymentRoot="_Mac_2025-07-24_16_58_24" />
  </TestSettings>
  <TestLists>
    <TestList name="Results Not in a List" id="8c84fa94-04c1-424b-9868-57a2d4851a1d" />
    <TestList name="All Loaded Results" id="19431567-8539-422a-85d7-44ee4e166bda" />
  </TestLists>
  <ResultSummary outcome="Completed">
    <Counters total="0" executed="0" passed="0" failed="0" error="0" timeout="0" aborted="0" inconclusive="0" passedButRunAborted="0" notRunnable="0" notExecuted="0" disconnected="0" warning="0" completed="0" inProgress="0" pending="0" />
    <RunInfos>
      <RunInfo computerName="Mac" outcome="Warning" timestamp="2025-07-24T16:58:24.9064290-04:00">
        <Text>No test is available in /Users/ianfrelinger/RiderProjects/Nexo/tests/Nexo.Shared.Tests/bin/Debug/net8.0/Nexo.Shared.Tests.dll. Make sure that test discoverer &amp; executors are registered and platform &amp; framework version settings are appropriate and try again.</Text>
      </RunInfo>
    </RunInfos>
  </ResultSummary>
</TestRun>