<?xml version="1.0" encoding="utf-8"?>
<TestRun id="1bca7154-d8d7-4424-8c26-f3b511f469aa" name="@Mac 2025-07-24 16:58:25" xmlns="http://microsoft.com/schemas/VisualStudio/TeamTest/2010">
  <Times creation="2025-07-24T16:58:25.1633690-04:00" queuing="2025-07-24T16:58:25.1633690-04:00" start="2025-07-24T16:58:24.6672560-04:00" finish="2025-07-24T16:58:25.2298840-04:00" />
  <TestSettings name="default" id="cab0fd90-e0a7-4947-8fc5-684961ec066a">
    <Deployment runDeploymentRoot="_Mac_2025-07-24_16_58_25" />
  </TestSettings>
  <Results>
    <UnitTestResult executionId="6a756852-3963-40e2-989d-c76ae083f5e4" testId="00ab22c2-c2d1-3667-b5b3-d0173978f77f" testName="Nexo.Infrastructure.Tests.InfrastructurePipelineTests.MemoryCache_Remove_WorksCorrectly" computerName="Mac" duration="00:00:00.0005903" startTime="2025-07-24T16:58:25.2026480-04:00" endTime="2025-07-24T16:58:25.2026480-04:00" testType="13cdc9d9-ddb5-4fa4-a97d-d965ccfc6d4b" outcome="Passed" testListId="8c84fa94-04c1-424b-9868-57a2d4851a1d" relativeResultsDirectory="6a756852-3963-40e2-989d-c76ae083f5e4" />
    <UnitTestResult executionId="6e0179ba-f653-4cf5-b7a2-0132359dfe2d" testId="7937424f-5e4d-3616-4bbf-a6ef80568bff" testName="Nexo.Infrastructure.Tests.Services.AI.AIConfigurationServiceTests.SaveConfigurationAsync_WhenConfigurationIsNull_ThrowsArgumentNullException" computerName="Mac" duration="00:00:00.0009632" startTime="2025-07-24T16:58:25.1459560-04:00" endTime="2025-07-24T16:58:25.1459560-04:00" testType="13cdc9d9-ddb5-4fa4-a97d-d965ccfc6d4b" outcome="Passed" testListId="8c84fa94-04c1-424b-9868-57a2d4851a1d" relativeResultsDirectory="6e0179ba-f653-4cf5-b7a2-0132359dfe2d" />
    <UnitTestResult executionId="690780a5-72f7-4ea4-b640-0e40c2158d0d" testId="70ea8f5a-d594-fef6-6285-6a39dc889d7c" testName="Nexo.Infrastructure.Tests.Services.AI.AIConfigurationServiceTests.ValidateAsync_WhenModelIsNull_ReturnsInvalidResult" computerName="Mac" duration="00:00:00.0001867" startTime="2025-07-24T16:58:25.1469250-04:00" endTime="2025-07-24T16:58:25.1469250-04:00" testType="13cdc9d9-ddb5-4fa4-a97d-d965ccfc6d4b" outcome="Passed" testListId="8c84fa94-04c1-424b-9868-57a2d4851a1d" relativeResultsDirectory="690780a5-72f7-4ea4-b640-0e40c2158d0d" />
    <UnitTestResult executionId="cb8126de-46b2-4713-8ecb-5f540c3da445" testId="5fd9d2ae-258e-d4c9-44e2-9df74bd30798" testName="Nexo.Infrastructure.Tests.Services.AI.AIConfigurationServiceTests.MergeAsync_WhenConfigurationsIsNull_ThrowsArgumentNullException" computerName="Mac" duration="00:00:00.0005251" startTime="2025-07-24T16:58:25.1468500-04:00" endTime="2025-07-24T16:58:25.1468500-04:00" testType="13cdc9d9-ddb5-4fa4-a97d-d965ccfc6d4b" outcome="Passed" testListId="8c84fa94-04c1-424b-9868-57a2d4851a1d" relativeResultsDirectory="cb8126de-46b2-4713-8ecb-5f540c3da445" />
    <UnitTestResult executionId="e6ecd05d-cc2d-4a87-8721-41ed929cec22" testId="b27b47bf-9e29-cf8e-c426-70c6f9fa8c4a" testName="Nexo.Infrastructure.Tests.InfrastructurePipelineTests.ProcessCommandExecutor_Constructor_WorksCorrectly" computerName="Mac" duration="00:00:00.0011838" startTime="2025-07-24T16:58:25.1040630-04:00" endTime="2025-07-24T16:58:25.1040630-04:00" testType="13cdc9d9-ddb5-4fa4-a97d-d965ccfc6d4b" outcome="Passed" testListId="8c84fa94-04c1-424b-9868-57a2d4851a1d" relativeResultsDirectory="e6ecd05d-cc2d-4a87-8721-41ed929cec22" />
    <UnitTestResult executionId="f4371c08-699b-4a58-a338-e7d8d04ba86f" testId="44839458-412b-83e5-f6f2-6ea1cf7ef30a" testName="Nexo.Infrastructure.Tests.Services.AI.AIConfigurationServiceTests.ValidateAsync_WhenMaxOutputTokensIsInvalid_ReturnsInvalidResult" computerName="Mac" duration="00:00:00.0003062" startTime="2025-07-24T16:58:25.1473160-04:00" endTime="2025-07-24T16:58:25.1473160-04:00" testType="13cdc9d9-ddb5-4fa4-a97d-d965ccfc6d4b" outcome="Passed" testListId="8c84fa94-04c1-424b-9868-57a2d4851a1d" relativeResultsDirectory="f4371c08-699b-4a58-a338-e7d8d04ba86f" />
    <UnitTestResult executionId="a2d631d3-049b-4f24-b439-d9d490056358" testId="b2a15c97-5e80-3704-32e0-f860ea8bf793" testName="Nexo.Infrastructure.Tests.Services.AI.AIConfigurationServiceTests.GetDefaultConfiguration_ForEachMode_ReturnsCorrectDefaults(mode: AIHeavy, expectedModel: &quot;gpt-4-turbo&quot;, expectedInputTokens: 16384, expectedTemperature: 0.69999999999999996)" computerName="Mac" duration="00:00:00.0398972" startTime="2025-07-24T16:58:25.1043790-04:00" endTime="2025-07-24T16:58:25.1043790-04:00" testType="13cdc9d9-ddb5-4fa4-a97d-d965ccfc6d4b" outcome="Passed" testListId="8c84fa94-04c1-424b-9868-57a2d4851a1d" relativeResultsDirectory="a2d631d3-049b-4f24-b439-d9d490056358" />
    <UnitTestResult executionId="52adade9-a620-44cf-835a-723d02259e42" testId="90bbb3a7-3ddc-982e-6f18-bde1608165aa" testName="Nexo.Infrastructure.Tests.Services.AI.AIConfigurationServiceTests.MergeAsync_WhenMultipleConfigurations_ReturnsMergedConfiguration" computerName="Mac" duration="00:00:00.0003793" startTime="2025-07-24T16:58:25.1470060-04:00" endTime="2025-07-24T16:58:25.1470060-04:00" testType="13cdc9d9-ddb5-4fa4-a97d-d965ccfc6d4b" outcome="Passed" testListId="8c84fa94-04c1-424b-9868-57a2d4851a1d" relativeResultsDirectory="52adade9-a620-44cf-835a-723d02259e42" />
    <UnitTestResult executionId="cb96ad77-7802-4862-a5e9-16f5020e04df" testId="90906ef0-5d87-4332-837e-a9f3f3ba795b" testName="Nexo.Infrastructure.Tests.Services.AI.AIConfigurationServiceTests.GetConfigurationPath_ReturnsExpectedPath" computerName="Mac" duration="00:00:00.0000688" startTime="2025-07-24T16:58:25.1472880-04:00" endTime="2025-07-24T16:58:25.1472880-04:00" testType="13cdc9d9-ddb5-4fa4-a97d-d965ccfc6d4b" outcome="Passed" testListId="8c84fa94-04c1-424b-9868-57a2d4851a1d" relativeResultsDirectory="cb96ad77-7802-4862-a5e9-16f5020e04df" />
    <UnitTestResult executionId="486e4d92-48d9-4ddf-a5fb-625bf06a9f37" testId="94f40d08-4549-2752-d0e0-fa488582dc5b" testName="Nexo.Infrastructure.Tests.InfrastructurePipelineTests.MemoryCache_Constructor_WorksCorrectly" computerName="Mac" duration="00:00:00.0045264" startTime="2025-07-24T16:58:25.1459820-04:00" endTime="2025-07-24T16:58:25.1459820-04:00" testType="13cdc9d9-ddb5-4fa4-a97d-d965ccfc6d4b" outcome="Passed" testListId="8c84fa94-04c1-424b-9868-57a2d4851a1d" relativeResultsDirectory="486e4d92-48d9-4ddf-a5fb-625bf06a9f37" />
    <UnitTestResult executionId="31482e10-0d7c-405c-9bed-c566e54aec70" testId="7eace9eb-f937-5ca4-4f2b-441c28236369" testName="Nexo.Infrastructure.Tests.Services.AI.AIConfigurationServiceTests.ValidateAsync_WhenModelNameIsEmpty_ReturnsInvalidResult" computerName="Mac" duration="00:00:00.0008973" startTime="2025-07-24T16:58:25.1459090-04:00" endTime="2025-07-24T16:58:25.1459090-04:00" testType="13cdc9d9-ddb5-4fa4-a97d-d965ccfc6d4b" outcome="Passed" testListId="8c84fa94-04c1-424b-9868-57a2d4851a1d" relativeResultsDirectory="31482e10-0d7c-405c-9bed-c566e54aec70" />
    <UnitTestResult executionId="2e97ec95-93db-44b5-8e30-cebe67e72f7e" testId="a03a4408-fedb-e923-9391-6c056460bf21" testName="Nexo.Infrastructure.Tests.Services.AI.AIConfigurationServiceTests.ValidateAsync_WhenMaxInputTokensIsInvalid_ReturnsInvalidResult" computerName="Mac" duration="00:00:00.0002999" startTime="2025-07-24T16:58:25.1468780-04:00" endTime="2025-07-24T16:58:25.1468780-04:00" testType="13cdc9d9-ddb5-4fa4-a97d-d965ccfc6d4b" outcome="Passed" testListId="8c84fa94-04c1-424b-9868-57a2d4851a1d" relativeResultsDirectory="2e97ec95-93db-44b5-8e30-cebe67e72f7e" />
    <UnitTestResult executionId="53bcdac9-97e5-4f5d-bc78-b1fcaee0b1e3" testId="276ad485-da0f-7891-b92c-09565baaf422" testName="Nexo.Infrastructure.Tests.InfrastructurePipelineTests.ProcessCommandExecutor_IsCommandAvailable_WorksCorrectly" computerName="Mac" duration="00:00:00.0632230" startTime="2025-07-24T16:58:25.1730760-04:00" endTime="2025-07-24T16:58:25.1730760-04:00" testType="13cdc9d9-ddb5-4fa4-a97d-d965ccfc6d4b" outcome="Passed" testListId="8c84fa94-04c1-424b-9868-57a2d4851a1d" relativeResultsDirectory="53bcdac9-97e5-4f5d-bc78-b1fcaee0b1e3" />
    <UnitTestResult executionId="67272ca9-6a10-4bea-8be0-142dc4dcb4e9" testId="a482c3ea-a2bb-33b9-0082-e00a39e83185" testName="Nexo.Infrastructure.Tests.InfrastructurePipelineTests.AIConfiguration_GetDefaultConfiguration_WorksCorrectly" computerName="Mac" duration="00:00:00.0004147" startTime="2025-07-24T16:58:25.1749330-04:00" endTime="2025-07-24T16:58:25.1749330-04:00" testType="13cdc9d9-ddb5-4fa4-a97d-d965ccfc6d4b" outcome="Passed" testListId="8c84fa94-04c1-424b-9868-57a2d4851a1d" relativeResultsDirectory="67272ca9-6a10-4bea-8be0-142dc4dcb4e9" />
    <UnitTestResult executionId="9892f089-23c5-4bde-b921-cf9eabc4a5b3" testId="f31b469d-1fed-ed1d-60f7-92011d518af7" testName="Nexo.Infrastructure.Tests.Services.AI.AIConfigurationServiceTests.GetDefaultConfiguration_ForEachMode_ReturnsCorrectDefaults(mode: Production, expectedModel: &quot;gpt-4&quot;, expectedInputTokens: 8192, expectedTemperature: 0.5)" computerName="Mac" duration="00:00:00.0000206" startTime="2025-07-24T16:58:25.1046160-04:00" endTime="2025-07-24T16:58:25.1046160-04:00" testType="13cdc9d9-ddb5-4fa4-a97d-d965ccfc6d4b" outcome="Passed" testListId="8c84fa94-04c1-424b-9868-57a2d4851a1d" relativeResultsDirectory="9892f089-23c5-4bde-b921-cf9eabc4a5b3" />
    <UnitTestResult executionId="e5bb7caf-527d-4914-8c47-5be3c2617e08" testId="dc5f5b31-2e89-82b2-8cac-e2107804eda6" testName="Nexo.Infrastructure.Tests.InfrastructurePipelineTests.AIConfiguration_Constructor_WorksCorrectly" computerName="Mac" duration="00:00:00.0330714" startTime="2025-07-24T16:58:25.1010460-04:00" endTime="2025-07-24T16:58:25.1010550-04:00" testType="13cdc9d9-ddb5-4fa4-a97d-d965ccfc6d4b" outcome="Passed" testListId="8c84fa94-04c1-424b-9868-57a2d4851a1d" relativeResultsDirectory="e5bb7caf-527d-4914-8c47-5be3c2617e08" />
    <UnitTestResult executionId="3783756f-9508-4460-834f-1f3a0f1be250" testId="f8c802dc-8705-6aba-af1c-611eb4aa3c6a" testName="Nexo.Infrastructure.Tests.Services.AI.AIConfigurationServiceTests.ValidateAsync_WhenValidConfiguration_ReturnsValidResult" computerName="Mac" duration="00:00:00.0019680" startTime="2025-07-24T16:58:25.1458810-04:00" endTime="2025-07-24T16:58:25.1458810-04:00" testType="13cdc9d9-ddb5-4fa4-a97d-d965ccfc6d4b" outcome="Passed" testListId="8c84fa94-04c1-424b-9868-57a2d4851a1d" relativeResultsDirectory="3783756f-9508-4460-834f-1f3a0f1be250" />
    <UnitTestResult executionId="ba515b09-8f78-4bce-9697-707f38a6e58a" testId="b285b979-c87c-42cc-951b-9204c37d83b6" testName="Nexo.Infrastructure.Tests.Services.AI.AIConfigurationServiceTests.LoadForModeAsync_WhenModeIsDifferent_LoadsModeSpecificDefaults" computerName="Mac" duration="00:00:00.0002830" startTime="2025-07-24T16:58:25.1460240-04:00" endTime="2025-07-24T16:58:25.1460240-04:00" testType="13cdc9d9-ddb5-4fa4-a97d-d965ccfc6d4b" outcome="Passed" testListId="8c84fa94-04c1-424b-9868-57a2d4851a1d" relativeResultsDirectory="ba515b09-8f78-4bce-9697-707f38a6e58a" />
    <UnitTestResult executionId="74055bf5-270a-48da-b77f-a82881a31eb4" testId="a3013dd4-de00-8e0d-dfca-72aa6eb964df" testName="Nexo.Infrastructure.Tests.Services.AI.AIConfigurationServiceTests.ReloadAsync_WhenSuccessful_ReturnsReloadedConfiguration" computerName="Mac" duration="00:00:00.0004055" startTime="2025-07-24T16:58:25.1460020-04:00" endTime="2025-07-24T16:58:25.1460020-04:00" testType="13cdc9d9-ddb5-4fa4-a97d-d965ccfc6d4b" outcome="Passed" testListId="8c84fa94-04c1-424b-9868-57a2d4851a1d" relativeResultsDirectory="74055bf5-270a-48da-b77f-a82881a31eb4" />
    <UnitTestResult executionId="8ee67839-a765-4778-9164-60f80f18d9ac" testId="30a54218-5b3e-8cfe-e700-a281cadedfd2" testName="Nexo.Infrastructure.Tests.Services.AI.AIConfigurationServiceTests.MergeAsync_WhenEmptyList_ReturnsDefaultConfiguration" computerName="Mac" duration="00:00:00.0002829" startTime="2025-07-24T16:58:25.1469860-04:00" endTime="2025-07-24T16:58:25.1469860-04:00" testType="13cdc9d9-ddb5-4fa4-a97d-d965ccfc6d4b" outcome="Passed" testListId="8c84fa94-04c1-424b-9868-57a2d4851a1d" relativeResultsDirectory="8ee67839-a765-4778-9164-60f80f18d9ac" />
    <UnitTestResult executionId="adecdcb6-25e5-4b54-8842-655d30cf46ed" testId="65b2544e-b429-9fb7-778f-57a97f5642ca" testName="Nexo.Infrastructure.Tests.InfrastructurePipelineTests.MemoryCache_SetAndGet_WorksCorrectly" computerName="Mac" duration="00:00:00.0002926" startTime="2025-07-24T16:58:25.1744740-04:00" endTime="2025-07-24T16:58:25.1744740-04:00" testType="13cdc9d9-ddb5-4fa4-a97d-d965ccfc6d4b" outcome="Passed" testListId="8c84fa94-04c1-424b-9868-57a2d4851a1d" relativeResultsDirectory="adecdcb6-25e5-4b54-8842-655d30cf46ed" />
    <UnitTestResult executionId="a5cfd618-b962-4b60-8b4f-51bbe843dcb2" testId="77b6ed7f-2a8e-0773-1e3a-0be78be74920" testName="Nexo.Infrastructure.Tests.InfrastructurePipelineTests.InterfaceImplementations_AreAccessible" computerName="Mac" duration="00:00:00.0001542" startTime="2025-07-24T16:58:25.2028520-04:00" endTime="2025-07-24T16:58:25.2028520-04:00" testType="13cdc9d9-ddb5-4fa4-a97d-d965ccfc6d4b" outcome="Passed" testListId="8c84fa94-04c1-424b-9868-57a2d4851a1d" relativeResultsDirectory="a5cfd618-b962-4b60-8b4f-51bbe843dcb2" />
    <UnitTestResult executionId="3327f300-8dbd-4c9c-8914-760edf0b144f" testId="e4112ea2-5228-b0aa-e12f-0e57f958de55" testName="Nexo.Infrastructure.Tests.Services.AI.AIConfigurationServiceTests.GetDefaultConfiguration_ForEachMode_ReturnsCorrectDefaults(mode: Development, expectedModel: &quot;gpt-3.5-turbo&quot;, expectedInputTokens: 4096, expectedTemperature: 0.29999999999999999)" computerName="Mac" duration="00:00:00.0001741" startTime="2025-07-24T16:58:25.1045900-04:00" endTime="2025-07-24T16:58:25.1045900-04:00" testType="13cdc9d9-ddb5-4fa4-a97d-d965ccfc6d4b" outcome="Passed" testListId="8c84fa94-04c1-424b-9868-57a2d4851a1d" relativeResultsDirectory="3327f300-8dbd-4c9c-8914-760edf0b144f" />
    <UnitTestResult executionId="22c83baa-9084-49e9-a6b5-3551362cf6f5" testId="8d77b4f8-41e6-7f7c-4f36-e46ce9c0d9c5" testName="Nexo.Infrastructure.Tests.Services.AI.AIConfigurationServiceTests.ValidateAsync_WhenMaxMemoryUsageIsInvalid_ReturnsInvalidResult" computerName="Mac" duration="00:00:00.0003883" startTime="2025-07-24T16:58:25.1473850-04:00" endTime="2025-07-24T16:58:25.1473850-04:00" testType="13cdc9d9-ddb5-4fa4-a97d-d965ccfc6d4b" outcome="Passed" testListId="8c84fa94-04c1-424b-9868-57a2d4851a1d" relativeResultsDirectory="22c83baa-9084-49e9-a6b5-3551362cf6f5" />
    <UnitTestResult executionId="4aa0cbf5-f764-4026-9fc4-a102a8267d47" testId="ce844ac5-16ad-8bc4-6ee7-65bf2c130974" testName="Nexo.Infrastructure.Tests.InfrastructurePipelineTests.ProcessCommandExecutor_Execute_WorksCorrectly" computerName="Mac" duration="00:00:00.0268648" startTime="2025-07-24T16:58:25.2019780-04:00" endTime="2025-07-24T16:58:25.2019780-04:00" testType="13cdc9d9-ddb5-4fa4-a97d-d965ccfc6d4b" outcome="Passed" testListId="8c84fa94-04c1-424b-9868-57a2d4851a1d" relativeResultsDirectory="4aa0cbf5-f764-4026-9fc4-a102a8267d47" />
    <UnitTestResult executionId="22a2de2f-15e0-49d1-8fe0-2e41e369a77a" testId="346a8a1b-db33-1b6a-4f77-ec62f7fe388d" testName="Nexo.Infrastructure.Tests.Services.AI.AIConfigurationServiceTests.ExistsAsync_ReturnsTrue" computerName="Mac" duration="00:00:00.0004367" startTime="2025-07-24T16:58:25.1050960-04:00" endTime="2025-07-24T16:58:25.1050960-04:00" testType="13cdc9d9-ddb5-4fa4-a97d-d965ccfc6d4b" outcome="Passed" testListId="8c84fa94-04c1-424b-9868-57a2d4851a1d" relativeResultsDirectory="22a2de2f-15e0-49d1-8fe0-2e41e369a77a" />
    <UnitTestResult executionId="b39d335e-9877-4850-bb6c-cdceb01e5c4d" testId="8f4cdab2-befd-0249-4d84-3ebda522c56b" testName="Nexo.Infrastructure.Tests.Services.AI.AIConfigurationServiceTests.Constructor_WhenLoggerIsNull_ThrowsArgumentNullException" computerName="Mac" duration="00:00:00.0003237" startTime="2025-07-24T16:58:25.1459310-04:00" endTime="2025-07-24T16:58:25.1459310-04:00" testType="13cdc9d9-ddb5-4fa4-a97d-d965ccfc6d4b" outcome="Passed" testListId="8c84fa94-04c1-424b-9868-57a2d4851a1d" relativeResultsDirectory="b39d335e-9877-4850-bb6c-cdceb01e5c4d" />
    <UnitTestResult executionId="94a6e02a-bcd2-412a-86fb-82d07b4f8af5" testId="e8dc6c7c-052e-7214-79e5-713802908ccd" testName="Nexo.Infrastructure.Tests.Services.AI.AIConfigurationServiceTests.GetConfigurationAsync_WhenConfigurationExists_ReturnsConfiguration" computerName="Mac" duration="00:00:00.0001976" startTime="2025-07-24T16:58:25.1469010-04:00" endTime="2025-07-24T16:58:25.1469010-04:00" testType="13cdc9d9-ddb5-4fa4-a97d-d965ccfc6d4b" outcome="Passed" testListId="8c84fa94-04c1-424b-9868-57a2d4851a1d" relativeResultsDirectory="94a6e02a-bcd2-412a-86fb-82d07b4f8af5" />
    <UnitTestResult executionId="1a43a9d7-7f8a-4194-b786-af770bc2daff" testId="4d0c71d5-e597-3e8b-23d3-14ee9fa17e33" testName="Nexo.Infrastructure.Tests.InfrastructurePipelineTests.Enums_Values_AreDefined" computerName="Mac" duration="00:00:00.0004478" startTime="2025-07-24T16:58:25.1735770-04:00" endTime="2025-07-24T16:58:25.1735770-04:00" testType="13cdc9d9-ddb5-4fa4-a97d-d965ccfc6d4b" outcome="Passed" testListId="8c84fa94-04c1-424b-9868-57a2d4851a1d" relativeResultsDirectory="1a43a9d7-7f8a-4194-b786-af770bc2daff" />
    <UnitTestResult executionId="d84af101-6760-459d-914d-3c5f0b9e5b4b" testId="54a68ddc-32f3-592d-0587-2bf8b2ca9fad" testName="Nexo.Infrastructure.Tests.InfrastructurePipelineTests.MemoryCache_Statistics_WorksCorrectly" computerName="Mac" duration="00:00:00.0005548" startTime="2025-07-24T16:58:25.1741610-04:00" endTime="2025-07-24T16:58:25.1741610-04:00" testType="13cdc9d9-ddb5-4fa4-a97d-d965ccfc6d4b" outcome="Passed" testListId="8c84fa94-04c1-424b-9868-57a2d4851a1d" relativeResultsDirectory="d84af101-6760-459d-914d-3c5f0b9e5b4b" />
    <UnitTestResult executionId="cdd98577-c0ae-4a3b-be6f-ded68e4cf8f2" testId="a1b7b1b0-1f04-aaf5-144f-09123b998015" testName="Nexo.Infrastructure.Tests.Services.AI.AIConfigurationServiceTests.ValidateAsync_WhenConfigurationIsNull_ThrowsArgumentNullException" computerName="Mac" duration="00:00:00.0003394" startTime="2025-07-24T16:58:25.1470270-04:00" endTime="2025-07-24T16:58:25.1470270-04:00" testType="13cdc9d9-ddb5-4fa4-a97d-d965ccfc6d4b" outcome="Passed" testListId="8c84fa94-04c1-424b-9868-57a2d4851a1d" relativeResultsDirectory="cdd98577-c0ae-4a3b-be6f-ded68e4cf8f2" />
    <UnitTestResult executionId="56751048-cd93-4ec7-a68d-3678ccf55fe5" testId="bc296fa9-2fd7-efca-4c85-783771965815" testName="Nexo.Infrastructure.Tests.InfrastructurePipelineTests.AIConfiguration_LoadForMode_WorksCorrectly" computerName="Mac" duration="00:00:00.0010760" startTime="2025-07-24T16:58:25.1457340-04:00" endTime="2025-07-24T16:58:25.1457350-04:00" testType="13cdc9d9-ddb5-4fa4-a97d-d965ccfc6d4b" outcome="Passed" testListId="8c84fa94-04c1-424b-9868-57a2d4851a1d" relativeResultsDirectory="56751048-cd93-4ec7-a68d-3678ccf55fe5" />
    <UnitTestResult executionId="29120ab5-7f6c-404a-8321-243d0df2c867" testId="129d4909-4f9c-7037-b387-250da8c8d2d7" testName="Nexo.Infrastructure.Tests.InfrastructurePipelineTests.AIConfiguration_GetConfiguration_WorksCorrectly" computerName="Mac" duration="00:00:00.0014055" startTime="2025-07-24T16:58:25.1029030-04:00" endTime="2025-07-24T16:58:25.1029030-04:00" testType="13cdc9d9-ddb5-4fa4-a97d-d965ccfc6d4b" outcome="Passed" testListId="8c84fa94-04c1-424b-9868-57a2d4851a1d" relativeResultsDirectory="29120ab5-7f6c-404a-8321-243d0df2c867" />
    <UnitTestResult executionId="da8944ec-9284-4d80-af9f-308befdf3fac" testId="77cd8185-36e3-2600-32db-23aaf9e3a4de" testName="Nexo.Infrastructure.Tests.Services.AI.AIConfigurationServiceTests.ValidateAsync_WhenMaxConcurrentRequestsIsInvalid_ReturnsInvalidResult" computerName="Mac" duration="00:00:00.0002837" startTime="2025-07-24T16:58:25.1469450-04:00" endTime="2025-07-24T16:58:25.1469450-04:00" testType="13cdc9d9-ddb5-4fa4-a97d-d965ccfc6d4b" outcome="Passed" testListId="8c84fa94-04c1-424b-9868-57a2d4851a1d" relativeResultsDirectory="da8944ec-9284-4d80-af9f-308befdf3fac" />
    <UnitTestResult executionId="6943dbe6-455c-456f-bfc2-b55841eaf6eb" testId="bf5d0401-528b-94db-5dd1-c30dc2bb8bb5" testName="Nexo.Infrastructure.Tests.InfrastructurePipelineTests.CommandOutputType_Enum_ValuesAreDefined" computerName="Mac" duration="00:00:00.0006668" startTime="2025-07-24T16:58:25.1031100-04:00" endTime="2025-07-24T16:58:25.1031100-04:00" testType="13cdc9d9-ddb5-4fa4-a97d-d965ccfc6d4b" outcome="Passed" testListId="8c84fa94-04c1-424b-9868-57a2d4851a1d" relativeResultsDirectory="6943dbe6-455c-456f-bfc2-b55841eaf6eb" />
    <UnitTestResult executionId="13657e1a-8c77-4689-8f97-dedfb5f5531f" testId="4f26eec6-8f95-e35a-7d7d-70f61c5c2f45" testName="Nexo.Infrastructure.Tests.Services.AI.AIConfigurationServiceTests.SaveConfigurationAsync_WhenValidConfiguration_SavesSuccessfully" computerName="Mac" duration="00:00:00.0002611" startTime="2025-07-24T16:58:25.1469650-04:00" endTime="2025-07-24T16:58:25.1469650-04:00" testType="13cdc9d9-ddb5-4fa4-a97d-d965ccfc6d4b" outcome="Passed" testListId="8c84fa94-04c1-424b-9868-57a2d4851a1d" relativeResultsDirectory="13657e1a-8c77-4689-8f97-dedfb5f5531f" />
  </Results>
  <TestDefinitions>
    <UnitTest name="Nexo.Infrastructure.Tests.Services.AI.AIConfigurationServiceTests.ValidateAsync_WhenModelNameIsEmpty_ReturnsInvalidResult" storage="/users/ianfrelinger/riderprojects/nexo/tests/nexo.infrastructure.tests/bin/debug/net8.0/nexo.infrastructure.tests.dll" id="7eace9eb-f937-5ca4-4f2b-441c28236369">
      <Execution id="31482e10-0d7c-405c-9bed-c566e54aec70" />
      <TestMethod codeBase="/Users/ianfrelinger/RiderProjects/Nexo/tests/Nexo.Infrastructure.Tests/bin/Debug/net8.0/Nexo.Infrastructure.Tests.dll" adapterTypeName="executor://xunit/VsTestRunner2/netcoreapp" className="Nexo.Infrastructure.Tests.Services.AI.AIConfigurationServiceTests" name="ValidateAsync_WhenModelNameIsEmpty_ReturnsInvalidResult" />
    </UnitTest>
    <UnitTest name="Nexo.Infrastructure.Tests.Services.AI.AIConfigurationServiceTests.ValidateAsync_WhenMaxConcurrentRequestsIsInvalid_ReturnsInvalidResult" storage="/users/ianfrelinger/riderprojects/nexo/tests/nexo.infrastructure.tests/bin/debug/net8.0/nexo.infrastructure.tests.dll" id="77cd8185-36e3-2600-32db-23aaf9e3a4de">
      <Execution id="da8944ec-9284-4d80-af9f-308befdf3fac" />
      <TestMethod codeBase="/Users/ianfrelinger/RiderProjects/Nexo/tests/Nexo.Infrastructure.Tests/bin/Debug/net8.0/Nexo.Infrastructure.Tests.dll" adapterTypeName="executor://xunit/VsTestRunner2/netcoreapp" className="Nexo.Infrastructure.Tests.Services.AI.AIConfigurationServiceTests" name="ValidateAsync_WhenMaxConcurrentRequestsIsInvalid_ReturnsInvalidResult" />
    </UnitTest>
    <UnitTest name="Nexo.Infrastructure.Tests.Services.AI.AIConfigurationServiceTests.SaveConfigurationAsync_WhenConfigurationIsNull_ThrowsArgumentNullException" storage="/users/ianfrelinger/riderprojects/nexo/tests/nexo.infrastructure.tests/bin/debug/net8.0/nexo.infrastructure.tests.dll" id="7937424f-5e4d-3616-4bbf-a6ef80568bff">
      <Execution id="6e0179ba-f653-4cf5-b7a2-0132359dfe2d" />
      <TestMethod codeBase="/Users/ianfrelinger/RiderProjects/Nexo/tests/Nexo.Infrastructure.Tests/bin/Debug/net8.0/Nexo.Infrastructure.Tests.dll" adapterTypeName="executor://xunit/VsTestRunner2/netcoreapp" className="Nexo.Infrastructure.Tests.Services.AI.AIConfigurationServiceTests" name="SaveConfigurationAsync_WhenConfigurationIsNull_ThrowsArgumentNullException" />
    </UnitTest>
    <UnitTest name="Nexo.Infrastructure.Tests.InfrastructurePipelineTests.AIConfiguration_LoadForMode_WorksCorrectly" storage="/users/ianfrelinger/riderprojects/nexo/tests/nexo.infrastructure.tests/bin/debug/net8.0/nexo.infrastructure.tests.dll" id="bc296fa9-2fd7-efca-4c85-783771965815">
      <Execution id="56751048-cd93-4ec7-a68d-3678ccf55fe5" />
      <TestMethod codeBase="/Users/ianfrelinger/RiderProjects/Nexo/tests/Nexo.Infrastructure.Tests/bin/Debug/net8.0/Nexo.Infrastructure.Tests.dll" adapterTypeName="executor://xunit/VsTestRunner2/netcoreapp" className="Nexo.Infrastructure.Tests.InfrastructurePipelineTests" name="AIConfiguration_LoadForMode_WorksCorrectly" />
    </UnitTest>
    <UnitTest name="Nexo.Infrastructure.Tests.Services.AI.AIConfigurationServiceTests.ValidateAsync_WhenMaxInputTokensIsInvalid_ReturnsInvalidResult" storage="/users/ianfrelinger/riderprojects/nexo/tests/nexo.infrastructure.tests/bin/debug/net8.0/nexo.infrastructure.tests.dll" id="a03a4408-fedb-e923-9391-6c056460bf21">
      <Execution id="2e97ec95-93db-44b5-8e30-cebe67e72f7e" />
      <TestMethod codeBase="/Users/ianfrelinger/RiderProjects/Nexo/tests/Nexo.Infrastructure.Tests/bin/Debug/net8.0/Nexo.Infrastructure.Tests.dll" adapterTypeName="executor://xunit/VsTestRunner2/netcoreapp" className="Nexo.Infrastructure.Tests.Services.AI.AIConfigurationServiceTests" name="ValidateAsync_WhenMaxInputTokensIsInvalid_ReturnsInvalidResult" />
    </UnitTest>
    <UnitTest name="Nexo.Infrastructure.Tests.Services.AI.AIConfigurationServiceTests.ValidateAsync_WhenConfigurationIsNull_ThrowsArgumentNullException" storage="/users/ianfrelinger/riderprojects/nexo/tests/nexo.infrastructure.tests/bin/debug/net8.0/nexo.infrastructure.tests.dll" id="a1b7b1b0-1f04-aaf5-144f-09123b998015">
      <Execution id="cdd98577-c0ae-4a3b-be6f-ded68e4cf8f2" />
      <TestMethod codeBase="/Users/ianfrelinger/RiderProjects/Nexo/tests/Nexo.Infrastructure.Tests/bin/Debug/net8.0/Nexo.Infrastructure.Tests.dll" adapterTypeName="executor://xunit/VsTestRunner2/netcoreapp" className="Nexo.Infrastructure.Tests.Services.AI.AIConfigurationServiceTests" name="ValidateAsync_WhenConfigurationIsNull_ThrowsArgumentNullException" />
    </UnitTest>
    <UnitTest name="Nexo.Infrastructure.Tests.Services.AI.AIConfigurationServiceTests.GetDefaultConfiguration_ForEachMode_ReturnsCorrectDefaults(mode: Production, expectedModel: &quot;gpt-4&quot;, expectedInputTokens: 8192, expectedTemperature: 0.5)" storage="/users/ianfrelinger/riderprojects/nexo/tests/nexo.infrastructure.tests/bin/debug/net8.0/nexo.infrastructure.tests.dll" id="f31b469d-1fed-ed1d-60f7-92011d518af7">
      <Execution id="9892f089-23c5-4bde-b921-cf9eabc4a5b3" />
      <TestMethod codeBase="/Users/ianfrelinger/RiderProjects/Nexo/tests/Nexo.Infrastructure.Tests/bin/Debug/net8.0/Nexo.Infrastructure.Tests.dll" adapterTypeName="executor://xunit/VsTestRunner2/netcoreapp" className="Nexo.Infrastructure.Tests.Services.AI.AIConfigurationServiceTests" name="GetDefaultConfiguration_ForEachMode_ReturnsCorrectDefaults" />
    </UnitTest>
    <UnitTest name="Nexo.Infrastructure.Tests.InfrastructurePipelineTests.ProcessCommandExecutor_IsCommandAvailable_WorksCorrectly" storage="/users/ianfrelinger/riderprojects/nexo/tests/nexo.infrastructure.tests/bin/debug/net8.0/nexo.infrastructure.tests.dll" id="276ad485-da0f-7891-b92c-09565baaf422">
      <Execution id="53bcdac9-97e5-4f5d-bc78-b1fcaee0b1e3" />
      <TestMethod codeBase="/Users/ianfrelinger/RiderProjects/Nexo/tests/Nexo.Infrastructure.Tests/bin/Debug/net8.0/Nexo.Infrastructure.Tests.dll" adapterTypeName="executor://xunit/VsTestRunner2/netcoreapp" className="Nexo.Infrastructure.Tests.InfrastructurePipelineTests" name="ProcessCommandExecutor_IsCommandAvailable_WorksCorrectly" />
    </UnitTest>
    <UnitTest name="Nexo.Infrastructure.Tests.InfrastructurePipelineTests.MemoryCache_Remove_WorksCorrectly" storage="/users/ianfrelinger/riderprojects/nexo/tests/nexo.infrastructure.tests/bin/debug/net8.0/nexo.infrastructure.tests.dll" id="00ab22c2-c2d1-3667-b5b3-d0173978f77f">
      <Execution id="6a756852-3963-40e2-989d-c76ae083f5e4" />
      <TestMethod codeBase="/Users/ianfrelinger/RiderProjects/Nexo/tests/Nexo.Infrastructure.Tests/bin/Debug/net8.0/Nexo.Infrastructure.Tests.dll" adapterTypeName="executor://xunit/VsTestRunner2/netcoreapp" className="Nexo.Infrastructure.Tests.InfrastructurePipelineTests" name="MemoryCache_Remove_WorksCorrectly" />
    </UnitTest>
    <UnitTest name="Nexo.Infrastructure.Tests.Services.AI.AIConfigurationServiceTests.GetConfigurationAsync_WhenConfigurationExists_ReturnsConfiguration" storage="/users/ianfrelinger/riderprojects/nexo/tests/nexo.infrastructure.tests/bin/debug/net8.0/nexo.infrastructure.tests.dll" id="e8dc6c7c-052e-7214-79e5-713802908ccd">
      <Execution id="94a6e02a-bcd2-412a-86fb-82d07b4f8af5" />
      <TestMethod codeBase="/Users/ianfrelinger/RiderProjects/Nexo/tests/Nexo.Infrastructure.Tests/bin/Debug/net8.0/Nexo.Infrastructure.Tests.dll" adapterTypeName="executor://xunit/VsTestRunner2/netcoreapp" className="Nexo.Infrastructure.Tests.Services.AI.AIConfigurationServiceTests" name="GetConfigurationAsync_WhenConfigurationExists_ReturnsConfiguration" />
    </UnitTest>
    <UnitTest name="Nexo.Infrastructure.Tests.Services.AI.AIConfigurationServiceTests.ValidateAsync_WhenModelIsNull_ReturnsInvalidResult" storage="/users/ianfrelinger/riderprojects/nexo/tests/nexo.infrastructure.tests/bin/debug/net8.0/nexo.infrastructure.tests.dll" id="70ea8f5a-d594-fef6-6285-6a39dc889d7c">
      <Execution id="690780a5-72f7-4ea4-b640-0e40c2158d0d" />
      <TestMethod codeBase="/Users/ianfrelinger/RiderProjects/Nexo/tests/Nexo.Infrastructure.Tests/bin/Debug/net8.0/Nexo.Infrastructure.Tests.dll" adapterTypeName="executor://xunit/VsTestRunner2/netcoreapp" className="Nexo.Infrastructure.Tests.Services.AI.AIConfigurationServiceTests" name="ValidateAsync_WhenModelIsNull_ReturnsInvalidResult" />
    </UnitTest>
    <UnitTest name="Nexo.Infrastructure.Tests.InfrastructurePipelineTests.InterfaceImplementations_AreAccessible" storage="/users/ianfrelinger/riderprojects/nexo/tests/nexo.infrastructure.tests/bin/debug/net8.0/nexo.infrastructure.tests.dll" id="77b6ed7f-2a8e-0773-1e3a-0be78be74920">
      <Execution id="a5cfd618-b962-4b60-8b4f-51bbe843dcb2" />
      <TestMethod codeBase="/Users/ianfrelinger/RiderProjects/Nexo/tests/Nexo.Infrastructure.Tests/bin/Debug/net8.0/Nexo.Infrastructure.Tests.dll" adapterTypeName="executor://xunit/VsTestRunner2/netcoreapp" className="Nexo.Infrastructure.Tests.InfrastructurePipelineTests" name="InterfaceImplementations_AreAccessible" />
    </UnitTest>
    <UnitTest name="Nexo.Infrastructure.Tests.Services.AI.AIConfigurationServiceTests.GetDefaultConfiguration_ForEachMode_ReturnsCorrectDefaults(mode: AIHeavy, expectedModel: &quot;gpt-4-turbo&quot;, expectedInputTokens: 16384, expectedTemperature: 0.69999999999999996)" storage="/users/ianfrelinger/riderprojects/nexo/tests/nexo.infrastructure.tests/bin/debug/net8.0/nexo.infrastructure.tests.dll" id="b2a15c97-5e80-3704-32e0-f860ea8bf793">
      <Execution id="a2d631d3-049b-4f24-b439-d9d490056358" />
      <TestMethod codeBase="/Users/ianfrelinger/RiderProjects/Nexo/tests/Nexo.Infrastructure.Tests/bin/Debug/net8.0/Nexo.Infrastructure.Tests.dll" adapterTypeName="executor://xunit/VsTestRunner2/netcoreapp" className="Nexo.Infrastructure.Tests.Services.AI.AIConfigurationServiceTests" name="GetDefaultConfiguration_ForEachMode_ReturnsCorrectDefaults" />
    </UnitTest>
    <UnitTest name="Nexo.Infrastructure.Tests.Services.AI.AIConfigurationServiceTests.ValidateAsync_WhenValidConfiguration_ReturnsValidResult" storage="/users/ianfrelinger/riderprojects/nexo/tests/nexo.infrastructure.tests/bin/debug/net8.0/nexo.infrastructure.tests.dll" id="f8c802dc-8705-6aba-af1c-611eb4aa3c6a">
      <Execution id="3783756f-9508-4460-834f-1f3a0f1be250" />
      <TestMethod codeBase="/Users/ianfrelinger/RiderProjects/Nexo/tests/Nexo.Infrastructure.Tests/bin/Debug/net8.0/Nexo.Infrastructure.Tests.dll" adapterTypeName="executor://xunit/VsTestRunner2/netcoreapp" className="Nexo.Infrastructure.Tests.Services.AI.AIConfigurationServiceTests" name="ValidateAsync_WhenValidConfiguration_ReturnsValidResult" />
    </UnitTest>
    <UnitTest name="Nexo.Infrastructure.Tests.InfrastructurePipelineTests.MemoryCache_Statistics_WorksCorrectly" storage="/users/ianfrelinger/riderprojects/nexo/tests/nexo.infrastructure.tests/bin/debug/net8.0/nexo.infrastructure.tests.dll" id="54a68ddc-32f3-592d-0587-2bf8b2ca9fad">
      <Execution id="d84af101-6760-459d-914d-3c5f0b9e5b4b" />
      <TestMethod codeBase="/Users/ianfrelinger/RiderProjects/Nexo/tests/Nexo.Infrastructure.Tests/bin/Debug/net8.0/Nexo.Infrastructure.Tests.dll" adapterTypeName="executor://xunit/VsTestRunner2/netcoreapp" className="Nexo.Infrastructure.Tests.InfrastructurePipelineTests" name="MemoryCache_Statistics_WorksCorrectly" />
    </UnitTest>
    <UnitTest name="Nexo.Infrastructure.Tests.Services.AI.AIConfigurationServiceTests.SaveConfigurationAsync_WhenValidConfiguration_SavesSuccessfully" storage="/users/ianfrelinger/riderprojects/nexo/tests/nexo.infrastructure.tests/bin/debug/net8.0/nexo.infrastructure.tests.dll" id="4f26eec6-8f95-e35a-7d7d-70f61c5c2f45">
      <Execution id="13657e1a-8c77-4689-8f97-dedfb5f5531f" />
      <TestMethod codeBase="/Users/ianfrelinger/RiderProjects/Nexo/tests/Nexo.Infrastructure.Tests/bin/Debug/net8.0/Nexo.Infrastructure.Tests.dll" adapterTypeName="executor://xunit/VsTestRunner2/netcoreapp" className="Nexo.Infrastructure.Tests.Services.AI.AIConfigurationServiceTests" name="SaveConfigurationAsync_WhenValidConfiguration_SavesSuccessfully" />
    </UnitTest>
    <UnitTest name="Nexo.Infrastructure.Tests.InfrastructurePipelineTests.AIConfiguration_GetDefaultConfiguration_WorksCorrectly" storage="/users/ianfrelinger/riderprojects/nexo/tests/nexo.infrastructure.tests/bin/debug/net8.0/nexo.infrastructure.tests.dll" id="a482c3ea-a2bb-33b9-0082-e00a39e83185">
      <Execution id="67272ca9-6a10-4bea-8be0-142dc4dcb4e9" />
      <TestMethod codeBase="/Users/ianfrelinger/RiderProjects/Nexo/tests/Nexo.Infrastructure.Tests/bin/Debug/net8.0/Nexo.Infrastructure.Tests.dll" adapterTypeName="executor://xunit/VsTestRunner2/netcoreapp" className="Nexo.Infrastructure.Tests.InfrastructurePipelineTests" name="AIConfiguration_GetDefaultConfiguration_WorksCorrectly" />
    </UnitTest>
    <UnitTest name="Nexo.Infrastructure.Tests.Services.AI.AIConfigurationServiceTests.LoadForModeAsync_WhenModeIsDifferent_LoadsModeSpecificDefaults" storage="/users/ianfrelinger/riderprojects/nexo/tests/nexo.infrastructure.tests/bin/debug/net8.0/nexo.infrastructure.tests.dll" id="b285b979-c87c-42cc-951b-9204c37d83b6">
      <Execution id="ba515b09-8f78-4bce-9697-707f38a6e58a" />
      <TestMethod codeBase="/Users/ianfrelinger/RiderProjects/Nexo/tests/Nexo.Infrastructure.Tests/bin/Debug/net8.0/Nexo.Infrastructure.Tests.dll" adapterTypeName="executor://xunit/VsTestRunner2/netcoreapp" className="Nexo.Infrastructure.Tests.Services.AI.AIConfigurationServiceTests" name="LoadForModeAsync_WhenModeIsDifferent_LoadsModeSpecificDefaults" />
    </UnitTest>
    <UnitTest name="Nexo.Infrastructure.Tests.InfrastructurePipelineTests.CommandOutputType_Enum_ValuesAreDefined" storage="/users/ianfrelinger/riderprojects/nexo/tests/nexo.infrastructure.tests/bin/debug/net8.0/nexo.infrastructure.tests.dll" id="bf5d0401-528b-94db-5dd1-c30dc2bb8bb5">
      <Execution id="6943dbe6-455c-456f-bfc2-b55841eaf6eb" />
      <TestMethod codeBase="/Users/ianfrelinger/RiderProjects/Nexo/tests/Nexo.Infrastructure.Tests/bin/Debug/net8.0/Nexo.Infrastructure.Tests.dll" adapterTypeName="executor://xunit/VsTestRunner2/netcoreapp" className="Nexo.Infrastructure.Tests.InfrastructurePipelineTests" name="CommandOutputType_Enum_ValuesAreDefined" />
    </UnitTest>
    <UnitTest name="Nexo.Infrastructure.Tests.Services.AI.AIConfigurationServiceTests.MergeAsync_WhenEmptyList_ReturnsDefaultConfiguration" storage="/users/ianfrelinger/riderprojects/nexo/tests/nexo.infrastructure.tests/bin/debug/net8.0/nexo.infrastructure.tests.dll" id="30a54218-5b3e-8cfe-e700-a281cadedfd2">
      <Execution id="8ee67839-a765-4778-9164-60f80f18d9ac" />
      <TestMethod codeBase="/Users/ianfrelinger/RiderProjects/Nexo/tests/Nexo.Infrastructure.Tests/bin/Debug/net8.0/Nexo.Infrastructure.Tests.dll" adapterTypeName="executor://xunit/VsTestRunner2/netcoreapp" className="Nexo.Infrastructure.Tests.Services.AI.AIConfigurationServiceTests" name="MergeAsync_WhenEmptyList_ReturnsDefaultConfiguration" />
    </UnitTest>
    <UnitTest name="Nexo.Infrastructure.Tests.Services.AI.AIConfigurationServiceTests.ValidateAsync_WhenMaxMemoryUsageIsInvalid_ReturnsInvalidResult" storage="/users/ianfrelinger/riderprojects/nexo/tests/nexo.infrastructure.tests/bin/debug/net8.0/nexo.infrastructure.tests.dll" id="8d77b4f8-41e6-7f7c-4f36-e46ce9c0d9c5">
      <Execution id="22c83baa-9084-49e9-a6b5-3551362cf6f5" />
      <TestMethod codeBase="/Users/ianfrelinger/RiderProjects/Nexo/tests/Nexo.Infrastructure.Tests/bin/Debug/net8.0/Nexo.Infrastructure.Tests.dll" adapterTypeName="executor://xunit/VsTestRunner2/netcoreapp" className="Nexo.Infrastructure.Tests.Services.AI.AIConfigurationServiceTests" name="ValidateAsync_WhenMaxMemoryUsageIsInvalid_ReturnsInvalidResult" />
    </UnitTest>
    <UnitTest name="Nexo.Infrastructure.Tests.Services.AI.AIConfigurationServiceTests.MergeAsync_WhenConfigurationsIsNull_ThrowsArgumentNullException" storage="/users/ianfrelinger/riderprojects/nexo/tests/nexo.infrastructure.tests/bin/debug/net8.0/nexo.infrastructure.tests.dll" id="5fd9d2ae-258e-d4c9-44e2-9df74bd30798">
      <Execution id="cb8126de-46b2-4713-8ecb-5f540c3da445" />
      <TestMethod codeBase="/Users/ianfrelinger/RiderProjects/Nexo/tests/Nexo.Infrastructure.Tests/bin/Debug/net8.0/Nexo.Infrastructure.Tests.dll" adapterTypeName="executor://xunit/VsTestRunner2/netcoreapp" className="Nexo.Infrastructure.Tests.Services.AI.AIConfigurationServiceTests" name="MergeAsync_WhenConfigurationsIsNull_ThrowsArgumentNullException" />
    </UnitTest>
    <UnitTest name="Nexo.Infrastructure.Tests.Services.AI.AIConfigurationServiceTests.GetDefaultConfiguration_ForEachMode_ReturnsCorrectDefaults(mode: Development, expectedModel: &quot;gpt-3.5-turbo&quot;, expectedInputTokens: 4096, expectedTemperature: 0.29999999999999999)" storage="/users/ianfrelinger/riderprojects/nexo/tests/nexo.infrastructure.tests/bin/debug/net8.0/nexo.infrastructure.tests.dll" id="e4112ea2-5228-b0aa-e12f-0e57f958de55">
      <Execution id="3327f300-8dbd-4c9c-8914-760edf0b144f" />
      <TestMethod codeBase="/Users/ianfrelinger/RiderProjects/Nexo/tests/Nexo.Infrastructure.Tests/bin/Debug/net8.0/Nexo.Infrastructure.Tests.dll" adapterTypeName="executor://xunit/VsTestRunner2/netcoreapp" className="Nexo.Infrastructure.Tests.Services.AI.AIConfigurationServiceTests" name="GetDefaultConfiguration_ForEachMode_ReturnsCorrectDefaults" />
    </UnitTest>
    <UnitTest name="Nexo.Infrastructure.Tests.Services.AI.AIConfigurationServiceTests.Constructor_WhenLoggerIsNull_ThrowsArgumentNullException" storage="/users/ianfrelinger/riderprojects/nexo/tests/nexo.infrastructure.tests/bin/debug/net8.0/nexo.infrastructure.tests.dll" id="8f4cdab2-befd-0249-4d84-3ebda522c56b">
      <Execution id="b39d335e-9877-4850-bb6c-cdceb01e5c4d" />
      <TestMethod codeBase="/Users/ianfrelinger/RiderProjects/Nexo/tests/Nexo.Infrastructure.Tests/bin/Debug/net8.0/Nexo.Infrastructure.Tests.dll" adapterTypeName="executor://xunit/VsTestRunner2/netcoreapp" className="Nexo.Infrastructure.Tests.Services.AI.AIConfigurationServiceTests" name="Constructor_WhenLoggerIsNull_ThrowsArgumentNullException" />
    </UnitTest>
    <UnitTest name="Nexo.Infrastructure.Tests.InfrastructurePipelineTests.AIConfiguration_Constructor_WorksCorrectly" storage="/users/ianfrelinger/riderprojects/nexo/tests/nexo.infrastructure.tests/bin/debug/net8.0/nexo.infrastructure.tests.dll" id="dc5f5b31-2e89-82b2-8cac-e2107804eda6">
      <Execution id="e5bb7caf-527d-4914-8c47-5be3c2617e08" />
      <TestMethod codeBase="/Users/ianfrelinger/RiderProjects/Nexo/tests/Nexo.Infrastructure.Tests/bin/Debug/net8.0/Nexo.Infrastructure.Tests.dll" adapterTypeName="executor://xunit/VsTestRunner2/netcoreapp" className="Nexo.Infrastructure.Tests.InfrastructurePipelineTests" name="AIConfiguration_Constructor_WorksCorrectly" />
    </UnitTest>
    <UnitTest name="Nexo.Infrastructure.Tests.InfrastructurePipelineTests.ProcessCommandExecutor_Execute_WorksCorrectly" storage="/users/ianfrelinger/riderprojects/nexo/tests/nexo.infrastructure.tests/bin/debug/net8.0/nexo.infrastructure.tests.dll" id="ce844ac5-16ad-8bc4-6ee7-65bf2c130974">
      <Execution id="4aa0cbf5-f764-4026-9fc4-a102a8267d47" />
      <TestMethod codeBase="/Users/ianfrelinger/RiderProjects/Nexo/tests/Nexo.Infrastructure.Tests/bin/Debug/net8.0/Nexo.Infrastructure.Tests.dll" adapterTypeName="executor://xunit/VsTestRunner2/netcoreapp" className="Nexo.Infrastructure.Tests.InfrastructurePipelineTests" name="ProcessCommandExecutor_Execute_WorksCorrectly" />
    </UnitTest>
    <UnitTest name="Nexo.Infrastructure.Tests.InfrastructurePipelineTests.Enums_Values_AreDefined" storage="/users/ianfrelinger/riderprojects/nexo/tests/nexo.infrastructure.tests/bin/debug/net8.0/nexo.infrastructure.tests.dll" id="4d0c71d5-e597-3e8b-23d3-14ee9fa17e33">
      <Execution id="1a43a9d7-7f8a-4194-b786-af770bc2daff" />
      <TestMethod codeBase="/Users/ianfrelinger/RiderProjects/Nexo/tests/Nexo.Infrastructure.Tests/bin/Debug/net8.0/Nexo.Infrastructure.Tests.dll" adapterTypeName="executor://xunit/VsTestRunner2/netcoreapp" className="Nexo.Infrastructure.Tests.InfrastructurePipelineTests" name="Enums_Values_AreDefined" />
    </UnitTest>
    <UnitTest name="Nexo.Infrastructure.Tests.InfrastructurePipelineTests.MemoryCache_Constructor_WorksCorrectly" storage="/users/ianfrelinger/riderprojects/nexo/tests/nexo.infrastructure.tests/bin/debug/net8.0/nexo.infrastructure.tests.dll" id="94f40d08-4549-2752-d0e0-fa488582dc5b">
      <Execution id="486e4d92-48d9-4ddf-a5fb-625bf06a9f37" />
      <TestMethod codeBase="/Users/ianfrelinger/RiderProjects/Nexo/tests/Nexo.Infrastructure.Tests/bin/Debug/net8.0/Nexo.Infrastructure.Tests.dll" adapterTypeName="executor://xunit/VsTestRunner2/netcoreapp" className="Nexo.Infrastructure.Tests.InfrastructurePipelineTests" name="MemoryCache_Constructor_WorksCorrectly" />
    </UnitTest>
    <UnitTest name="Nexo.Infrastructure.Tests.Services.AI.AIConfigurationServiceTests.ValidateAsync_WhenMaxOutputTokensIsInvalid_ReturnsInvalidResult" storage="/users/ianfrelinger/riderprojects/nexo/tests/nexo.infrastructure.tests/bin/debug/net8.0/nexo.infrastructure.tests.dll" id="44839458-412b-83e5-f6f2-6ea1cf7ef30a">
      <Execution id="f4371c08-699b-4a58-a338-e7d8d04ba86f" />
      <TestMethod codeBase="/Users/ianfrelinger/RiderProjects/Nexo/tests/Nexo.Infrastructure.Tests/bin/Debug/net8.0/Nexo.Infrastructure.Tests.dll" adapterTypeName="executor://xunit/VsTestRunner2/netcoreapp" className="Nexo.Infrastructure.Tests.Services.AI.AIConfigurationServiceTests" name="ValidateAsync_WhenMaxOutputTokensIsInvalid_ReturnsInvalidResult" />
    </UnitTest>
    <UnitTest name="Nexo.Infrastructure.Tests.Services.AI.AIConfigurationServiceTests.MergeAsync_WhenMultipleConfigurations_ReturnsMergedConfiguration" storage="/users/ianfrelinger/riderprojects/nexo/tests/nexo.infrastructure.tests/bin/debug/net8.0/nexo.infrastructure.tests.dll" id="90bbb3a7-3ddc-982e-6f18-bde1608165aa">
      <Execution id="52adade9-a620-44cf-835a-723d02259e42" />
      <TestMethod codeBase="/Users/ianfrelinger/RiderProjects/Nexo/tests/Nexo.Infrastructure.Tests/bin/Debug/net8.0/Nexo.Infrastructure.Tests.dll" adapterTypeName="executor://xunit/VsTestRunner2/netcoreapp" className="Nexo.Infrastructure.Tests.Services.AI.AIConfigurationServiceTests" name="MergeAsync_WhenMultipleConfigurations_ReturnsMergedConfiguration" />
    </UnitTest>
    <UnitTest name="Nexo.Infrastructure.Tests.Services.AI.AIConfigurationServiceTests.ExistsAsync_ReturnsTrue" storage="/users/ianfrelinger/riderprojects/nexo/tests/nexo.infrastructure.tests/bin/debug/net8.0/nexo.infrastructure.tests.dll" id="346a8a1b-db33-1b6a-4f77-ec62f7fe388d">
      <Execution id="22a2de2f-15e0-49d1-8fe0-2e41e369a77a" />
      <TestMethod codeBase="/Users/ianfrelinger/RiderProjects/Nexo/tests/Nexo.Infrastructure.Tests/bin/Debug/net8.0/Nexo.Infrastructure.Tests.dll" adapterTypeName="executor://xunit/VsTestRunner2/netcoreapp" className="Nexo.Infrastructure.Tests.Services.AI.AIConfigurationServiceTests" name="ExistsAsync_ReturnsTrue" />
    </UnitTest>
    <UnitTest name="Nexo.Infrastructure.Tests.InfrastructurePipelineTests.ProcessCommandExecutor_Constructor_WorksCorrectly" storage="/users/ianfrelinger/riderprojects/nexo/tests/nexo.infrastructure.tests/bin/debug/net8.0/nexo.infrastructure.tests.dll" id="b27b47bf-9e29-cf8e-c426-70c6f9fa8c4a">
      <Execution id="e6ecd05d-cc2d-4a87-8721-41ed929cec22" />
      <TestMethod codeBase="/Users/ianfrelinger/RiderProjects/Nexo/tests/Nexo.Infrastructure.Tests/bin/Debug/net8.0/Nexo.Infrastructure.Tests.dll" adapterTypeName="executor://xunit/VsTestRunner2/netcoreapp" className="Nexo.Infrastructure.Tests.InfrastructurePipelineTests" name="ProcessCommandExecutor_Constructor_WorksCorrectly" />
    </UnitTest>
    <UnitTest name="Nexo.Infrastructure.Tests.InfrastructurePipelineTests.MemoryCache_SetAndGet_WorksCorrectly" storage="/users/ianfrelinger/riderprojects/nexo/tests/nexo.infrastructure.tests/bin/debug/net8.0/nexo.infrastructure.tests.dll" id="65b2544e-b429-9fb7-778f-57a97f5642ca">
      <Execution id="adecdcb6-25e5-4b54-8842-655d30cf46ed" />
      <TestMethod codeBase="/Users/ianfrelinger/RiderProjects/Nexo/tests/Nexo.Infrastructure.Tests/bin/Debug/net8.0/Nexo.Infrastructure.Tests.dll" adapterTypeName="executor://xunit/VsTestRunner2/netcoreapp" className="Nexo.Infrastructure.Tests.InfrastructurePipelineTests" name="MemoryCache_SetAndGet_WorksCorrectly" />
    </UnitTest>
    <UnitTest name="Nexo.Infrastructure.Tests.Services.AI.AIConfigurationServiceTests.GetConfigurationPath_ReturnsExpectedPath" storage="/users/ianfrelinger/riderprojects/nexo/tests/nexo.infrastructure.tests/bin/debug/net8.0/nexo.infrastructure.tests.dll" id="90906ef0-5d87-4332-837e-a9f3f3ba795b">
      <Execution id="cb96ad77-7802-4862-a5e9-16f5020e04df" />
      <TestMethod codeBase="/Users/ianfrelinger/RiderProjects/Nexo/tests/Nexo.Infrastructure.Tests/bin/Debug/net8.0/Nexo.Infrastructure.Tests.dll" adapterTypeName="executor://xunit/VsTestRunner2/netcoreapp" className="Nexo.Infrastructure.Tests.Services.AI.AIConfigurationServiceTests" name="GetConfigurationPath_ReturnsExpectedPath" />
    </UnitTest>
    <UnitTest name="Nexo.Infrastructure.Tests.Services.AI.AIConfigurationServiceTests.ReloadAsync_WhenSuccessful_ReturnsReloadedConfiguration" storage="/users/ianfrelinger/riderprojects/nexo/tests/nexo.infrastructure.tests/bin/debug/net8.0/nexo.infrastructure.tests.dll" id="a3013dd4-de00-8e0d-dfca-72aa6eb964df">
      <Execution id="74055bf5-270a-48da-b77f-a82881a31eb4" />
      <TestMethod codeBase="/Users/ianfrelinger/RiderProjects/Nexo/tests/Nexo.Infrastructure.Tests/bin/Debug/net8.0/Nexo.Infrastructure.Tests.dll" adapterTypeName="executor://xunit/VsTestRunner2/netcoreapp" className="Nexo.Infrastructure.Tests.Services.AI.AIConfigurationServiceTests" name="ReloadAsync_WhenSuccessful_ReturnsReloadedConfiguration" />
    </UnitTest>
    <UnitTest name="Nexo.Infrastructure.Tests.InfrastructurePipelineTests.AIConfiguration_GetConfiguration_WorksCorrectly" storage="/users/ianfrelinger/riderprojects/nexo/tests/nexo.infrastructure.tests/bin/debug/net8.0/nexo.infrastructure.tests.dll" id="129d4909-4f9c-7037-b387-250da8c8d2d7">
      <Execution id="29120ab5-7f6c-404a-8321-243d0df2c867" />
      <TestMethod codeBase="/Users/ianfrelinger/RiderProjects/Nexo/tests/Nexo.Infrastructure.Tests/bin/Debug/net8.0/Nexo.Infrastructure.Tests.dll" adapterTypeName="executor://xunit/VsTestRunner2/netcoreapp" className="Nexo.Infrastructure.Tests.InfrastructurePipelineTests" name="AIConfiguration_GetConfiguration_WorksCorrectly" />
    </UnitTest>
  </TestDefinitions>
  <TestEntries>
    <TestEntry testId="00ab22c2-c2d1-3667-b5b3-d0173978f77f" executionId="6a756852-3963-40e2-989d-c76ae083f5e4" testListId="8c84fa94-04c1-424b-9868-57a2d4851a1d" />
    <TestEntry testId="7937424f-5e4d-3616-4bbf-a6ef80568bff" executionId="6e0179ba-f653-4cf5-b7a2-0132359dfe2d" testListId="8c84fa94-04c1-424b-9868-57a2d4851a1d" />
    <TestEntry testId="70ea8f5a-d594-fef6-6285-6a39dc889d7c" executionId="690780a5-72f7-4ea4-b640-0e40c2158d0d" testListId="8c84fa94-04c1-424b-9868-57a2d4851a1d" />
    <TestEntry testId="5fd9d2ae-258e-d4c9-44e2-9df74bd30798" executionId="cb8126de-46b2-4713-8ecb-5f540c3da445" testListId="8c84fa94-04c1-424b-9868-57a2d4851a1d" />
    <TestEntry testId="b27b47bf-9e29-cf8e-c426-70c6f9fa8c4a" executionId="e6ecd05d-cc2d-4a87-8721-41ed929cec22" testListId="8c84fa94-04c1-424b-9868-57a2d4851a1d" />
    <TestEntry testId="44839458-412b-83e5-f6f2-6ea1cf7ef30a" executionId="f4371c08-699b-4a58-a338-e7d8d04ba86f" testListId="8c84fa94-04c1-424b-9868-57a2d4851a1d" />
    <TestEntry testId="b2a15c97-5e80-3704-32e0-f860ea8bf793" executionId="a2d631d3-049b-4f24-b439-d9d490056358" testListId="8c84fa94-04c1-424b-9868-57a2d4851a1d" />
    <TestEntry testId="90bbb3a7-3ddc-982e-6f18-bde1608165aa" executionId="52adade9-a620-44cf-835a-723d02259e42" testListId="8c84fa94-04c1-424b-9868-57a2d4851a1d" />
    <TestEntry testId="90906ef0-5d87-4332-837e-a9f3f3ba795b" executionId="cb96ad77-7802-4862-a5e9-16f5020e04df" testListId="8c84fa94-04c1-424b-9868-57a2d4851a1d" />
    <TestEntry testId="94f40d08-4549-2752-d0e0-fa488582dc5b" executionId="486e4d92-48d9-4ddf-a5fb-625bf06a9f37" testListId="8c84fa94-04c1-424b-9868-57a2d4851a1d" />
    <TestEntry testId="7eace9eb-f937-5ca4-4f2b-441c28236369" executionId="31482e10-0d7c-405c-9bed-c566e54aec70" testListId="8c84fa94-04c1-424b-9868-57a2d4851a1d" />
    <TestEntry testId="a03a4408-fedb-e923-9391-6c056460bf21" executionId="2e97ec95-93db-44b5-8e30-cebe67e72f7e" testListId="8c84fa94-04c1-424b-9868-57a2d4851a1d" />
    <TestEntry testId="276ad485-da0f-7891-b92c-09565baaf422" executionId="53bcdac9-97e5-4f5d-bc78-b1fcaee0b1e3" testListId="8c84fa94-04c1-424b-9868-57a2d4851a1d" />
    <TestEntry testId="a482c3ea-a2bb-33b9-0082-e00a39e83185" executionId="67272ca9-6a10-4bea-8be0-142dc4dcb4e9" testListId="8c84fa94-04c1-424b-9868-57a2d4851a1d" />
    <TestEntry testId="f31b469d-1fed-ed1d-60f7-92011d518af7" executionId="9892f089-23c5-4bde-b921-cf9eabc4a5b3" testListId="8c84fa94-04c1-424b-9868-57a2d4851a1d" />
    <TestEntry testId="dc5f5b31-2e89-82b2-8cac-e2107804eda6" executionId="e5bb7caf-527d-4914-8c47-5be3c2617e08" testListId="8c84fa94-04c1-424b-9868-57a2d4851a1d" />
    <TestEntry testId="f8c802dc-8705-6aba-af1c-611eb4aa3c6a" executionId="3783756f-9508-4460-834f-1f3a0f1be250" testListId="8c84fa94-04c1-424b-9868-57a2d4851a1d" />
    <TestEntry testId="b285b979-c87c-42cc-951b-9204c37d83b6" executionId="ba515b09-8f78-4bce-9697-707f38a6e58a" testListId="8c84fa94-04c1-424b-9868-57a2d4851a1d" />
    <TestEntry testId="a3013dd4-de00-8e0d-dfca-72aa6eb964df" executionId="74055bf5-270a-48da-b77f-a82881a31eb4" testListId="8c84fa94-04c1-424b-9868-57a2d4851a1d" />
    <TestEntry testId="30a54218-5b3e-8cfe-e700-a281cadedfd2" executionId="8ee67839-a765-4778-9164-60f80f18d9ac" testListId="8c84fa94-04c1-424b-9868-57a2d4851a1d" />
    <TestEntry testId="65b2544e-b429-9fb7-778f-57a97f5642ca" executionId="adecdcb6-25e5-4b54-8842-655d30cf46ed" testListId="8c84fa94-04c1-424b-9868-57a2d4851a1d" />
    <TestEntry testId="77b6ed7f-2a8e-0773-1e3a-0be78be74920" executionId="a5cfd618-b962-4b60-8b4f-51bbe843dcb2" testListId="8c84fa94-04c1-424b-9868-57a2d4851a1d" />
    <TestEntry testId="e4112ea2-5228-b0aa-e12f-0e57f958de55" executionId="3327f300-8dbd-4c9c-8914-760edf0b144f" testListId="8c84fa94-04c1-424b-9868-57a2d4851a1d" />
    <TestEntry testId="8d77b4f8-41e6-7f7c-4f36-e46ce9c0d9c5" executionId="22c83baa-9084-49e9-a6b5-3551362cf6f5" testListId="8c84fa94-04c1-424b-9868-57a2d4851a1d" />
    <TestEntry testId="ce844ac5-16ad-8bc4-6ee7-65bf2c130974" executionId="4aa0cbf5-f764-4026-9fc4-a102a8267d47" testListId="8c84fa94-04c1-424b-9868-57a2d4851a1d" />
    <TestEntry testId="346a8a1b-db33-1b6a-4f77-ec62f7fe388d" executionId="22a2de2f-15e0-49d1-8fe0-2e41e369a77a" testListId="8c84fa94-04c1-424b-9868-57a2d4851a1d" />
    <TestEntry testId="8f4cdab2-befd-0249-4d84-3ebda522c56b" executionId="b39d335e-9877-4850-bb6c-cdceb01e5c4d" testListId="8c84fa94-04c1-424b-9868-57a2d4851a1d" />
    <TestEntry testId="e8dc6c7c-052e-7214-79e5-713802908ccd" executionId="94a6e02a-bcd2-412a-86fb-82d07b4f8af5" testListId="8c84fa94-04c1-424b-9868-57a2d4851a1d" />
    <TestEntry testId="4d0c71d5-e597-3e8b-23d3-14ee9fa17e33" executionId="1a43a9d7-7f8a-4194-b786-af770bc2daff" testListId="8c84fa94-04c1-424b-9868-57a2d4851a1d" />
    <TestEntry testId="54a68ddc-32f3-592d-0587-2bf8b2ca9fad" executionId="d84af101-6760-459d-914d-3c5f0b9e5b4b" testListId="8c84fa94-04c1-424b-9868-57a2d4851a1d" />
    <TestEntry testId="a1b7b1b0-1f04-aaf5-144f-09123b998015" executionId="cdd98577-c0ae-4a3b-be6f-ded68e4cf8f2" testListId="8c84fa94-04c1-424b-9868-57a2d4851a1d" />
    <TestEntry testId="bc296fa9-2fd7-efca-4c85-783771965815" executionId="56751048-cd93-4ec7-a68d-3678ccf55fe5" testListId="8c84fa94-04c1-424b-9868-57a2d4851a1d" />
    <TestEntry testId="129d4909-4f9c-7037-b387-250da8c8d2d7" executionId="29120ab5-7f6c-404a-8321-243d0df2c867" testListId="8c84fa94-04c1-424b-9868-57a2d4851a1d" />
    <TestEntry testId="77cd8185-36e3-2600-32db-23aaf9e3a4de" executionId="da8944ec-9284-4d80-af9f-308befdf3fac" testListId="8c84fa94-04c1-424b-9868-57a2d4851a1d" />
    <TestEntry testId="bf5d0401-528b-94db-5dd1-c30dc2bb8bb5" executionId="6943dbe6-455c-456f-bfc2-b55841eaf6eb" testListId="8c84fa94-04c1-424b-9868-57a2d4851a1d" />
    <TestEntry testId="4f26eec6-8f95-e35a-7d7d-70f61c5c2f45" executionId="13657e1a-8c77-4689-8f97-dedfb5f5531f" testListId="8c84fa94-04c1-424b-9868-57a2d4851a1d" />
  </TestEntries>
  <TestLists>
    <TestList name="Results Not in a List" id="8c84fa94-04c1-424b-9868-57a2d4851a1d" />
    <TestList name="All Loaded Results" id="19431567-8539-422a-85d7-44ee4e166bda" />
  </TestLists>
  <ResultSummary outcome="Completed">
    <Counters total="36" executed="36" passed="36" failed="0" error="0" timeout="0" aborted="0" inconclusive="0" passedButRunAborted="0" notRunnable="0" notExecuted="0" disconnected="0" warning="0" completed="0" inProgress="0" pending="0" />
    <Output>
      <StdOut>[xUnit.net 00:00:00.00] xUnit.net VSTest Adapter v2.5.6+bf9b858c26 (64-bit .NET 8.0.7)
[xUnit.net 00:00:00.04]   Discovering: Nexo.Infrastructure.Tests
[xUnit.net 00:00:00.06]   Discovered:  Nexo.Infrastructure.Tests
[xUnit.net 00:00:00.07]   Starting:    Nexo.Infrastructure.Tests
[xUnit.net 00:00:00.23]   Finished:    Nexo.Infrastructure.Tests
</StdOut>
    </Output>
  </ResultSummary>
</TestRun>